# JRE version: OpenJDK Runtime Environment Temurin-21.0.4+7 (21.0.4+7) (build 21.0.4+7-LTS)
# Java VM: OpenJDK 64-Bit Server VM Temurin-21.0.4+7 (21.0.4+7-LTS, mixed mode, tiered, compressed oops, compressed class ptrs, g1 gc, windows-amd64)
GC Precious Log:
 CardTable entry size: 512
 Card Set container configuration: InlinePtr #cards 4 size 8 Array Of Cards #cards 16 size 48 Howl #buckets 8 coarsen threshold 3686 Howl Bitmap #cards 512 size 80 coarsen threshold 460 Card regions per heap region 1 cards per card region 4096
 CPUs: 8 total, 8 available
 Memory: 16165M
 Large Page Support: Disabled
 NUMA Support: Disabled
 Compressed Oops: Enabled (Zero based)
 Heap Region Size: 2M
 Heap Min Capacity: 8M
 Heap Initial Capacity: 254M
 Heap Max Capacity: 4042M
 Pre-touch: Disabled
 Parallel Workers: 8
 Concurrent Workers: 2
 Concurrent Refinement Workers: 8
 Periodic GC: Disabled
Heap:
 garbage-first heap   total 96256K, used 75901K [0x0000000703600000, 0x0000000800000000)
  region size 2048K, 22 young (45056K), 3 survivors (6144K)
 Metaspace       used 104086K, committed 104960K, reserved 1179648K
  class space    used 12447K, committed 12864K, reserved 1048576K
GC Heap History (20 events):
Event: 47306.688 GC heap before
{Heap before GC invocations=63 (full 12):
 garbage-first heap   total 96256K, used 52564K [0x0000000703600000, 0x0000000800000000)
  region size 2048K, 9 young (18432K), 2 survivors (4096K)
 Metaspace       used 100149K, committed 100992K, reserved 1179648K
  class space    used 12071K, committed 12480K, reserved 1048576K
}
Event: 47306.752 GC heap after
{Heap after GC invocations=64 (full 13):
 garbage-first heap   total 96256K, used 33504K [0x0000000703600000, 0x0000000800000000)
  region size 2048K, 0 young (0K), 0 survivors (0K)
 Metaspace       used 100146K, committed 100992K, reserved 1179648K
  class space    used 12070K, committed 12480K, reserved 1048576K
}
Event: 47309.300 GC heap before
{Heap before GC invocations=64 (full 13):
 garbage-first heap   total 96256K, used 78560K [0x0000000703600000, 0x0000000800000000)
  region size 2048K, 22 young (45056K), 0 survivors (0K)
 Metaspace       used 100394K, committed 101248K, reserved 1179648K
  class space    used 12114K, committed 12544K, reserved 1048576K
}
Event: 47309.302 GC heap after
{Heap after GC invocations=65 (full 13):
 garbage-first heap   total 96256K, used 35890K [0x0000000703600000, 0x0000000800000000)
  region size 2048K, 2 young (4096K), 2 survivors (4096K)
 Metaspace       used 100394K, committed 101248K, reserved 1179648K
  class space    used 12114K, committed 12544K, reserved 1048576K
}
Event: 47309.895 GC heap before
{Heap before GC invocations=65 (full 13):
 garbage-first heap   total 96256K, used 78898K [0x0000000703600000, 0x0000000800000000)
  region size 2048K, 23 young (47104K), 2 survivors (4096K)
 Metaspace       used 100699K, committed 101504K, reserved 1179648K
  class space    used 12160K, committed 12544K, reserved 1048576K
}
Event: 47309.899 GC heap after
{Heap after GC invocations=66 (full 13):
 garbage-first heap   total 96256K, used 38927K [0x0000000703600000, 0x0000000800000000)
  region size 2048K, 3 young (6144K), 3 survivors (6144K)
 Metaspace       used 100699K, committed 101504K, reserved 1179648K
  class space    used 12160K, committed 12544K, reserved 1048576K
}
Event: 47310.311 GC heap before
{Heap before GC invocations=66 (full 13):
 garbage-first heap   total 96256K, used 77839K [0x0000000703600000, 0x0000000800000000)
  region size 2048K, 22 young (45056K), 3 survivors (6144K)
 Metaspace       used 102444K, committed 103296K, reserved 1179648K
  class space    used 12301K, committed 12736K, reserved 1048576K
}
Event: 47310.317 GC heap after
{Heap after GC invocations=67 (full 13):
 garbage-first heap   total 96256K, used 41453K [0x0000000703600000, 0x0000000800000000)
  region size 2048K, 2 young (4096K), 2 survivors (4096K)
 Metaspace       used 102444K, committed 103296K, reserved 1179648K
  class space    used 12301K, committed 12736K, reserved 1048576K
}
Event: 47330.646 GC heap before
{Heap before GC invocations=67 (full 13):
 garbage-first heap   total 96256K, used 59885K [0x0000000703600000, 0x0000000800000000)
  region size 2048K, 12 young (24576K), 2 survivors (4096K)
 Metaspace       used 102475K, committed 103360K, reserved 1179648K
  class space    used 12303K, committed 12736K, reserved 1048576K
}
Event: 47330.708 GC heap after
{Heap after GC invocations=68 (full 14):
 garbage-first heap   total 96256K, used 34297K [0x0000000703600000, 0x0000000800000000)
  region size 2048K, 0 young (0K), 0 survivors (0K)
 Metaspace       used 102469K, committed 103360K, reserved 1179648K
  class space    used 12302K, committed 12736K, reserved 1048576K
}
Event: 47331.112 GC heap before
{Heap before GC invocations=68 (full 14):
 garbage-first heap   total 96256K, used 77305K [0x0000000703600000, 0x0000000800000000)
  region size 2048K, 22 young (45056K), 0 survivors (0K)
 Metaspace       used 102744K, committed 103616K, reserved 1179648K
  class space    used 12335K, committed 12736K, reserved 1048576K
}
Event: 47331.115 GC heap after
{Heap after GC invocations=69 (full 14):
 garbage-first heap   total 96256K, used 38694K [0x0000000703600000, 0x0000000800000000)
  region size 2048K, 3 young (6144K), 3 survivors (6144K)
 Metaspace       used 102744K, committed 103616K, reserved 1179648K
  class space    used 12335K, committed 12736K, reserved 1048576K
}
Event: 47331.456 GC heap before
{Heap before GC invocations=69 (full 14):
 garbage-first heap   total 96256K, used 75558K [0x0000000703600000, 0x0000000800000000)
  region size 2048K, 21 young (43008K), 3 survivors (6144K)
 Metaspace       used 103207K, committed 104128K, reserved 1179648K
  class space    used 12374K, committed 12800K, reserved 1048576K
}
Event: 47331.460 GC heap after
{Heap after GC invocations=70 (full 14):
 garbage-first heap   total 96256K, used 41314K [0x0000000703600000, 0x0000000800000000)
  region size 2048K, 2 young (4096K), 2 survivors (4096K)
 Metaspace       used 103207K, committed 104128K, reserved 1179648K
  class space    used 12374K, committed 12800K, reserved 1048576K
}
Event: 47467.180 GC heap before
{Heap before GC invocations=70 (full 14):
 garbage-first heap   total 96256K, used 78178K [0x0000000703600000, 0x0000000800000000)
  region size 2048K, 20 young (40960K), 2 survivors (4096K)
 Metaspace       used 103235K, committed 104128K, reserved 1179648K
  class space    used 12375K, committed 12800K, reserved 1048576K
}
Event: 47467.186 GC heap after
{Heap after GC invocations=71 (full 14):
 garbage-first heap   total 96256K, used 42392K [0x0000000703600000, 0x0000000800000000)
  region size 2048K, 3 young (6144K), 3 survivors (6144K)
 Metaspace       used 103235K, committed 104128K, reserved 1179648K
  class space    used 12375K, committed 12800K, reserved 1048576K
}
Event: 47650.713 GC heap before
{Heap before GC invocations=72 (full 14):
 garbage-first heap   total 96256K, used 66968K [0x0000000703600000, 0x0000000800000000)
  region size 2048K, 16 young (32768K), 3 survivors (6144K)
 Metaspace       used 103243K, committed 104128K, reserved 1179648K
  class space    used 12375K, committed 12800K, reserved 1048576K
}
Event: 47650.775 GC heap after
{Heap after GC invocations=73 (full 15):
 garbage-first heap   total 96256K, used 34764K [0x0000000703600000, 0x0000000800000000)
  region size 2048K, 0 young (0K), 0 survivors (0K)
 Metaspace       used 103243K, committed 104128K, reserved 1179648K
  class space    used 12375K, committed 12800K, reserved 1048576K
}
Event: 47651.317 GC heap before
{Heap before GC invocations=73 (full 15):
 garbage-first heap   total 96256K, used 79820K [0x0000000703600000, 0x0000000800000000)
  region size 2048K, 22 young (45056K), 0 survivors (0K)
 Metaspace       used 103515K, committed 104448K, reserved 1179648K
  class space    used 12408K, committed 12864K, reserved 1048576K
}
Event: 47651.320 GC heap after
{Heap after GC invocations=74 (full 15):
 garbage-first heap   total 96256K, used 39037K [0x0000000703600000, 0x0000000800000000)
  region size 2048K, 3 young (6144K), 3 survivors (6144K)
 Metaspace       used 103515K, committed 104448K, reserved 1179648K
  class space    used 12408K, committed 12864K, reserved 1048576K
}

